[2025-08-07T13:26:32.199Z] [threaded] Logging started
[2025-08-07T14:10:22.846Z] [threaded] Logging started
[2025-08-07T14:10:23.173Z] [INFO][threaded]: Loaded locale de 
[2025-08-07T14:10:23.174Z] [INFO][threaded]: Loaded locale en 
[2025-08-07T14:10:23.178Z] [INFO][threaded]: Metrics server running at http://localhost:10038/metrics-pr3cH8ChoWROfROridusTov4ChiswIchoCRltrOylvOyOspuswEfrOWAqib3MA84 
[2025-08-07T14:10:23.178Z] [INFO][threaded]: API server running at http://localhost:10005 
[2025-08-07T14:10:23.265Z] [INFO][threaded]: Loaded 8 prefix commands (8 aliases) 
[2025-08-07T14:10:23.400Z] [INFO][threaded]: Redis connected 
[2025-08-07T14:10:23.608Z] [INFO][threaded]: Redis ready 
[2025-08-07T14:10:23.947Z] [INFO][threaded]: Updated 25 global commands 
[2025-08-07T14:10:24.261Z] [INFO][threaded]: Connected to the database ThreadedTs successfully 
[2025-08-07T14:10:24.576Z] [INFO][threaded]: Screws is running 
[2025-08-07T14:11:31.706Z] [ERROR][threaded]: Error executing /applications Errors validation failed: content: Path `content` is required.
ValidationError: Errors validation failed: content: Path `content` is required.
    at Document.invalidate (/home/alfie/Documents/Stuff i think is coo/Bot/node_modules/mongoose/lib/document.js:3358:32)
    at /home/alfie/Documents/Stuff i think is coo/Bot/node_modules/mongoose/lib/document.js:3119:17
    at /home/alfie/Documents/Stuff i think is coo/Bot/node_modules/mongoose/lib/schemaType.js:1410:9
    at process.processTicksAndRejections (node:internal/process/task_queues:77:11)
[2025-08-07T14:11:31.710Z] [ERROR][threaded]: Uncaught Exception Errors validation failed: content: Path `content` is required.
ValidationError: Errors validation failed: content: Path `content` is required.
    at Document.invalidate (/home/alfie/Documents/Stuff i think is coo/Bot/node_modules/mongoose/lib/document.js:3358:32)
    at /home/alfie/Documents/Stuff i think is coo/Bot/node_modules/mongoose/lib/document.js:3119:17
    at /home/alfie/Documents/Stuff i think is coo/Bot/node_modules/mongoose/lib/schemaType.js:1410:9
    at process.processTicksAndRejections (node:internal/process/task_queues:77:11)
[2025-08-07T14:12:28.765Z] [threaded] Logging started
[2025-08-07T14:12:29.154Z] [INFO][threaded]: Loaded locale de 
[2025-08-07T14:12:29.156Z] [INFO][threaded]: Loaded locale en 
[2025-08-07T14:12:29.160Z] [INFO][threaded]: Metrics server running at http://localhost:10038/metrics-pr3cH8ChoWROfROridusTov4ChiswIchoCRltrOylvOyOspuswEfrOWAqib3MA84 
[2025-08-07T14:12:29.160Z] [INFO][threaded]: API server running at http://localhost:10005 
[2025-08-07T14:12:29.254Z] [INFO][threaded]: Loaded 8 prefix commands (8 aliases) 
[2025-08-07T14:12:29.315Z] [INFO][threaded]: Redis connected 
[2025-08-07T14:12:29.473Z] [INFO][threaded]: Redis ready 
[2025-08-07T14:12:29.770Z] [INFO][threaded]: Updated 25 global commands 
[2025-08-07T14:12:30.225Z] [INFO][threaded]: Connected to the database ThreadedTs successfully 
[2025-08-07T14:12:30.477Z] [INFO][threaded]: Screws is running 
[2025-08-07T14:12:43.383Z] [WARN][threaded]: Error 6894b45b0a8923769b8ad679 Application not found
Error: Application not found
    at Object.execute (/home/alfie/Documents/Stuff i think is coo/Bot/.build/src/commands/interactions/slash/applications.js:172:61)
    at process.processTicksAndRejections (node:internal/process/task_queues:95:5)
    at async Object.execute (/home/alfie/Documents/Stuff i think is coo/Bot/.build/src/events/interactionCreate.js:59:17)
    at async Client.listener (/home/alfie/Documents/Stuff i think is coo/Bot/.build/src/handlers/eventHandler.js:79:13)
[2025-08-07T14:13:45.906Z] [threaded] Logging started
[2025-08-07T14:13:46.249Z] [INFO][threaded]: Loaded locale de 
[2025-08-07T14:13:46.250Z] [INFO][threaded]: Loaded locale en 
[2025-08-07T14:13:46.253Z] [INFO][threaded]: Metrics server running at http://localhost:10038/metrics-pr3cH8ChoWROfROridusTov4ChiswIchoCRltrOylvOyOspuswEfrOWAqib3MA84 
[2025-08-07T14:13:46.253Z] [INFO][threaded]: API server running at http://localhost:10005 
[2025-08-07T14:13:46.325Z] [INFO][threaded]: Loaded 8 prefix commands (8 aliases) 
[2025-08-07T14:13:46.465Z] [INFO][threaded]: Redis connected 
[2025-08-07T14:13:46.623Z] [INFO][threaded]: Redis ready 
[2025-08-07T14:13:47.489Z] [INFO][threaded]: Connected to the database ThreadedTs successfully 
[2025-08-07T14:13:47.696Z] [INFO][threaded]: Screws is running 
[2025-08-07T14:13:48.167Z] [INFO][threaded]: Updated 25 global commands 
[2025-08-07T14:13:52.709Z] [ERROR][threaded]: Error 6894b4a089795400e10e8ccd Application not found
Error: Application not found
    at Object.execute (/home/alfie/Documents/Stuff i think is coo/Bot/.build/src/commands/interactions/slash/applications.js:172:61)
    at process.processTicksAndRejections (node:internal/process/task_queues:95:5)
    at async Object.execute (/home/alfie/Documents/Stuff i think is coo/Bot/.build/src/events/interactionCreate.js:59:17)
    at async Client.listener (/home/alfie/Documents/Stuff i think is coo/Bot/.build/src/handlers/eventHandler.js:79:13)
[2025-08-07T14:15:09.559Z] [threaded] Logging started
[2025-08-07T14:15:09.896Z] [INFO][threaded]: Loaded locale de 
[2025-08-07T14:15:09.898Z] [INFO][threaded]: Loaded locale en 
[2025-08-07T14:15:09.903Z] [INFO][threaded]: Metrics server running at http://localhost:10038/metrics-pr3cH8ChoWROfROridusTov4ChiswIchoCRltrOylvOyOspuswEfrOWAqib3MA84 
[2025-08-07T14:15:09.903Z] [INFO][threaded]: API server running at http://localhost:10005 
[2025-08-07T14:15:09.995Z] [INFO][threaded]: Loaded 8 prefix commands (8 aliases) 
[2025-08-07T14:15:10.162Z] [INFO][threaded]: Redis connected 
[2025-08-07T14:15:10.369Z] [INFO][threaded]: Redis ready 
[2025-08-07T14:15:10.779Z] [INFO][threaded]: Updated 25 global commands 
[2025-08-07T14:15:11.087Z] [INFO][threaded]: Connected to the database ThreadedTs successfully 
[2025-08-07T14:15:11.137Z] [INFO][threaded]: Screws is running 
[2025-08-07T14:15:16.309Z] [ERROR][threaded]: Error 6894b4f40f6990e17a06f17c Application not found
Error: Application not found
    at Object.execute (/home/alfie/Documents/Stuff i think is coo/Bot/.build/src/commands/interactions/slash/applications.js:172:61)
    at process.processTicksAndRejections (node:internal/process/task_queues:95:5)
    at async Object.execute (/home/alfie/Documents/Stuff i think is coo/Bot/.build/src/events/interactionCreate.js:59:17)
    at async Client.listener (/home/alfie/Documents/Stuff i think is coo/Bot/.build/src/handlers/eventHandler.js:79:13)
[2025-08-07T14:15:32.485Z] [ERROR][threaded]: Error 6894b5040f6990e17a06f17f Application not found
Error: Application not found
    at Object.execute (/home/alfie/Documents/Stuff i think is coo/Bot/.build/src/commands/interactions/slash/applications.js:172:61)
    at process.processTicksAndRejections (node:internal/process/task_queues:95:5)
    at async Object.execute (/home/alfie/Documents/Stuff i think is coo/Bot/.build/src/events/interactionCreate.js:59:17)
    at async Client.listener (/home/alfie/Documents/Stuff i think is coo/Bot/.build/src/handlers/eventHandler.js:79:13)
[2025-08-07T14:16:27.840Z] [threaded] Logging started
[2025-08-07T14:16:28.152Z] [INFO][threaded]: Loaded locale de 
[2025-08-07T14:16:28.153Z] [INFO][threaded]: Loaded locale en 
[2025-08-07T14:16:28.156Z] [INFO][threaded]: Metrics server running at http://localhost:10038/metrics-pr3cH8ChoWROfROridusTov4ChiswIchoCRltrOylvOyOspuswEfrOWAqib3MA84 
[2025-08-07T14:16:28.156Z] [INFO][threaded]: API server running at http://localhost:10005 
[2025-08-07T14:16:28.223Z] [INFO][threaded]: Loaded 8 prefix commands (8 aliases) 
[2025-08-07T14:16:28.473Z] [INFO][threaded]: Redis connected 
[2025-08-07T14:16:28.674Z] [INFO][threaded]: Redis ready 
[2025-08-07T14:16:28.882Z] [INFO][threaded]: Updated 25 global commands 
[2025-08-07T14:16:29.489Z] [INFO][threaded]: Connected to the database ThreadedTs successfully 
[2025-08-07T14:16:29.588Z] [INFO][threaded]: Screws is running 
[2025-08-07T14:16:38.706Z] [ERROR][threaded]: Error 6894b546016e0d1580269d14 Application not found
Error: Application not found
    at Object.execute (/home/alfie/Documents/Stuff i think is coo/Bot/.build/src/commands/interactions/slash/applications.js:172:61)
    at process.processTicksAndRejections (node:internal/process/task_queues:95:5)
    at async Object.execute (/home/alfie/Documents/Stuff i think is coo/Bot/.build/src/events/interactionCreate.js:59:17)
    at async Client.listener (/home/alfie/Documents/Stuff i think is coo/Bot/.build/src/handlers/eventHandler.js:79:13)
[2025-08-07T14:17:25.292Z] [threaded] Logging started
[2025-08-07T14:17:25.597Z] [INFO][threaded]: Loaded locale de 
[2025-08-07T14:17:25.599Z] [INFO][threaded]: Loaded locale en 
[2025-08-07T14:17:25.601Z] [INFO][threaded]: Metrics server running at http://localhost:10038/metrics-pr3cH8ChoWROfROridusTov4ChiswIchoCRltrOylvOyOspuswEfrOWAqib3MA84 
[2025-08-07T14:17:25.601Z] [INFO][threaded]: API server running at http://localhost:10005 
[2025-08-07T14:17:25.671Z] [INFO][threaded]: Loaded 8 prefix commands (8 aliases) 
[2025-08-07T14:17:25.918Z] [INFO][threaded]: Redis connected 
[2025-08-07T14:17:26.120Z] [INFO][threaded]: Redis ready 
[2025-08-07T14:17:26.430Z] [INFO][threaded]: Updated 25 global commands 
[2025-08-07T14:17:26.940Z] [INFO][threaded]: Connected to the database ThreadedTs successfully 
[2025-08-07T14:17:27.036Z] [INFO][threaded]: Screws is running 
[2025-08-07T14:17:31.852Z] [ERROR][threaded]: Error 6894b57be24963971a0b0b0e Application not found
Error: Application not found
    at Object.execute (/home/alfie/Documents/Stuff i think is coo/Bot/.build/src/commands/interactions/slash/applications.js:172:61)
    at process.processTicksAndRejections (node:internal/process/task_queues:95:5)
    at async Object.execute (/home/alfie/Documents/Stuff i think is coo/Bot/.build/src/events/interactionCreate.js:59:17)
    at async Client.listener (/home/alfie/Documents/Stuff i think is coo/Bot/.build/src/handlers/eventHandler.js:79:13)
[2025-08-07T14:18:39.257Z] [threaded] Logging started
[2025-08-07T14:18:39.701Z] [INFO][threaded]: Loaded locale de 
[2025-08-07T14:18:39.703Z] [INFO][threaded]: Loaded locale en 
[2025-08-07T14:18:39.706Z] [INFO][threaded]: Metrics server running at http://localhost:10038/metrics-pr3cH8ChoWROfROridusTov4ChiswIchoCRltrOylvOyOspuswEfrOWAqib3MA84 
[2025-08-07T14:18:39.707Z] [INFO][threaded]: API server running at http://localhost:10005 
[2025-08-07T14:18:39.796Z] [INFO][threaded]: Loaded 8 prefix commands (8 aliases) 
[2025-08-07T14:18:39.951Z] [INFO][threaded]: Redis connected 
[2025-08-07T14:18:40.154Z] [INFO][threaded]: Redis ready 
[2025-08-07T14:18:40.364Z] [INFO][threaded]: Updated 25 global commands 
[2025-08-07T14:18:40.977Z] [INFO][threaded]: Connected to the database ThreadedTs successfully 
[2025-08-07T14:18:41.074Z] [INFO][threaded]: Screws is running 
[2025-08-07T14:18:53.670Z] [ERROR][threaded]: Error 6894b5cde904a41bc62d837b Application not found
Error: Application not found
    at Object.execute (/home/alfie/Documents/Stuff i think is coo/Bot/.build/src/commands/interactions/slash/applications.js:172:61)
    at process.processTicksAndRejections (node:internal/process/task_queues:95:5)
    at async Object.execute (/home/alfie/Documents/Stuff i think is coo/Bot/.build/src/events/interactionCreate.js:59:17)
    at async Client.listener (/home/alfie/Documents/Stuff i think is coo/Bot/.build/src/handlers/eventHandler.js:79:13)
[2025-08-07T14:20:08.243Z] [threaded] Logging started
[2025-08-07T14:20:08.676Z] [INFO][threaded]: Loaded locale de 
[2025-08-07T14:20:08.678Z] [INFO][threaded]: Loaded locale en 
[2025-08-07T14:20:08.681Z] [INFO][threaded]: Metrics server running at http://localhost:10038/metrics-pr3cH8ChoWROfROridusTov4ChiswIchoCRltrOylvOyOspuswEfrOWAqib3MA84 
[2025-08-07T14:20:08.681Z] [INFO][threaded]: API server running at http://localhost:10005 
[2025-08-07T14:20:08.764Z] [INFO][threaded]: Loaded 8 prefix commands (8 aliases) 
[2025-08-07T14:20:08.948Z] [INFO][threaded]: Redis connected 
[2025-08-07T14:20:09.150Z] [INFO][threaded]: Redis ready 
[2025-08-07T14:20:09.652Z] [INFO][threaded]: Updated 25 global commands 
[2025-08-07T14:20:09.906Z] [INFO][threaded]: Connected to the database ThreadedTs successfully 
[2025-08-07T14:20:10.062Z] [INFO][threaded]: Screws is running 
[2025-08-07T14:21:59.527Z] [ERROR][threaded]: Error 6894b6872f294c37d1ee46fb Application not found
Error: Application not found
    at Object.execute (/home/alfie/Documents/Stuff i think is coo/Bot/.build/src/commands/interactions/slash/applications.js:172:61)
    at process.processTicksAndRejections (node:internal/process/task_queues:95:5)
    at async Object.execute (/home/alfie/Documents/Stuff i think is coo/Bot/.build/src/events/interactionCreate.js:59:17)
    at async Client.listener (/home/alfie/Documents/Stuff i think is coo/Bot/.build/src/handlers/eventHandler.js:79:13)
[2025-08-07T14:23:39.884Z] [threaded] Logging started
[2025-08-07T14:23:40.305Z] [INFO][threaded]: Loaded locale de 
[2025-08-07T14:23:40.307Z] [INFO][threaded]: Loaded locale en 
[2025-08-07T14:23:40.310Z] [INFO][threaded]: Metrics server running at http://localhost:10038/metrics-pr3cH8ChoWROfROridusTov4ChiswIchoCRltrOylvOyOspuswEfrOWAqib3MA84 
[2025-08-07T14:23:40.310Z] [INFO][threaded]: API server running at http://localhost:10005 
[2025-08-07T14:23:40.400Z] [INFO][threaded]: Loaded 8 prefix commands (8 aliases) 
[2025-08-07T14:23:40.499Z] [INFO][threaded]: Redis connected 
[2025-08-07T14:23:40.655Z] [INFO][threaded]: Redis ready 
[2025-08-07T14:23:41.119Z] [INFO][threaded]: Updated 25 global commands 
[2025-08-07T14:23:41.269Z] [INFO][threaded]: Connected to the database ThreadedTs successfully 
[2025-08-07T14:23:41.351Z] [INFO][threaded]: Screws is running 
[2025-08-07T15:53:42.665Z] [threaded] Logging started
[2025-08-07T15:53:43.161Z] [INFO][threaded]: Loaded locale de 
[2025-08-07T15:53:43.163Z] [INFO][threaded]: Loaded locale en 
[2025-08-07T15:53:43.166Z] [INFO][threaded]: Metrics server running at http://localhost:10038/metrics-pr3cH8ChoWROfROridusTov4ChiswIchoCRltrOylvOyOspuswEfrOWAqib3MA84 
[2025-08-07T15:53:43.166Z] [INFO][threaded]: API server running at http://localhost:10005 
[2025-08-07T15:53:43.269Z] [INFO][threaded]: Loaded 8 prefix commands (8 aliases) 
[2025-08-07T15:53:43.396Z] [INFO][threaded]: Redis connected 
[2025-08-07T15:53:43.607Z] [INFO][threaded]: Redis ready 
[2025-08-07T15:53:44.222Z] [INFO][threaded]: Updated 26 global commands 
[2025-08-07T15:53:44.467Z] [INFO][threaded]: Connected to the database ThreadedTs successfully 
[2025-08-07T15:53:44.928Z] [INFO][threaded]: Screws is running 
[2025-08-07T15:58:33.549Z] [threaded] Logging started
[2025-08-07T15:58:34.024Z] [INFO][threaded]: Loaded locale de 
[2025-08-07T15:58:34.026Z] [INFO][threaded]: Loaded locale en 
[2025-08-07T15:58:34.029Z] [INFO][threaded]: Metrics server running at http://localhost:10038/metrics-pr3cH8ChoWROfROridusTov4ChiswIchoCRltrOylvOyOspuswEfrOWAqib3MA84 
[2025-08-07T15:58:34.029Z] [INFO][threaded]: API server running at http://localhost:10005 
[2025-08-07T15:58:34.146Z] [INFO][threaded]: Loaded 8 prefix commands (8 aliases) 
[2025-08-07T15:58:34.318Z] [INFO][threaded]: Redis connected 
[2025-08-07T15:58:34.526Z] [INFO][threaded]: Redis ready 
[2025-08-07T15:58:34.865Z] [INFO][threaded]: Updated 26 global commands 
[2025-08-07T15:58:35.244Z] [INFO][threaded]: Connected to the database ThreadedTs successfully 
[2025-08-07T15:58:35.445Z] [INFO][threaded]: Screws is running 
[2025-08-07T15:59:30.134Z] [ERROR][threaded]: Unhandled Rejection Cannot send an empty message
DiscordAPIError[50006]: Cannot send an empty message
    at handleErrors (/home/alfie/Documents/Stuff i think is coo/Bot/node_modules/@discordjs/rest/dist/index.js:748:13)
    at process.processTicksAndRejections (node:internal/process/task_queues:95:5)
    at async SequentialHandler.runRequest (/home/alfie/Documents/Stuff i think is coo/Bot/node_modules/@discordjs/rest/dist/index.js:1149:23)
    at async SequentialHandler.queueRequest (/home/alfie/Documents/Stuff i think is coo/Bot/node_modules/@discordjs/rest/dist/index.js:980:14)
    at async _REST.request (/home/alfie/Documents/Stuff i think is coo/Bot/node_modules/@discordjs/rest/dist/index.js:1293:22)
    at async InteractionWebhook.editMessage (/home/alfie/Documents/Stuff i think is coo/Bot/node_modules/discord.js/src/structures/Webhook.js:351:15)
    at async ChatInputCommandInteraction.editReply (/home/alfie/Documents/Stuff i think is coo/Bot/node_modules/discord.js/src/structures/interfaces/InteractionResponses.js:254:17)
[2025-08-07T16:01:48.667Z] [threaded] Logging started
[2025-08-07T16:01:49.175Z] [INFO][threaded]: Loaded locale de 
[2025-08-07T16:01:49.177Z] [INFO][threaded]: Loaded locale en 
[2025-08-07T16:01:49.180Z] [INFO][threaded]: Metrics server running at http://localhost:10038/metrics-pr3cH8ChoWROfROridusTov4ChiswIchoCRltrOylvOyOspuswEfrOWAqib3MA84 
[2025-08-07T16:01:49.180Z] [INFO][threaded]: API server running at http://localhost:10005 
[2025-08-07T16:01:49.281Z] [INFO][threaded]: Loaded 8 prefix commands (8 aliases) 
[2025-08-07T16:01:49.328Z] [INFO][threaded]: Redis connected 
[2025-08-07T16:01:49.485Z] [INFO][threaded]: Redis ready 
[2025-08-07T16:01:50.117Z] [INFO][threaded]: Updated 26 global commands 
[2025-08-07T16:01:50.333Z] [INFO][threaded]: Connected to the database ThreadedTs successfully 
[2025-08-07T16:01:50.519Z] [INFO][threaded]: Screws is running 
[2025-08-07T16:03:37.640Z] [threaded] Logging started
[2025-08-07T16:03:38.128Z] [INFO][threaded]: Loaded locale de 
[2025-08-07T16:03:38.130Z] [INFO][threaded]: Loaded locale en 
[2025-08-07T16:03:38.133Z] [INFO][threaded]: Metrics server running at http://localhost:10038/metrics-pr3cH8ChoWROfROridusTov4ChiswIchoCRltrOylvOyOspuswEfrOWAqib3MA84 
[2025-08-07T16:03:38.133Z] [INFO][threaded]: API server running at http://localhost:10005 
[2025-08-07T16:03:38.231Z] [INFO][threaded]: Loaded 8 prefix commands (8 aliases) 
[2025-08-07T16:03:38.281Z] [INFO][threaded]: Redis connected 
[2025-08-07T16:03:38.436Z] [INFO][threaded]: Redis ready 
[2025-08-07T16:03:38.730Z] [INFO][threaded]: Updated 26 global commands 
[2025-08-07T16:03:39.290Z] [INFO][threaded]: Connected to the database ThreadedTs successfully 
[2025-08-07T16:03:39.475Z] [INFO][threaded]: Screws is running 
[2025-08-07T16:05:11.394Z] [threaded] Logging started
[2025-08-07T16:05:11.884Z] [INFO][threaded]: Loaded locale de 
[2025-08-07T16:05:11.886Z] [INFO][threaded]: Loaded locale en 
[2025-08-07T16:05:11.889Z] [INFO][threaded]: Metrics server running at http://localhost:10038/metrics-pr3cH8ChoWROfROridusTov4ChiswIchoCRltrOylvOyOspuswEfrOWAqib3MA84 
[2025-08-07T16:05:11.889Z] [INFO][threaded]: API server running at http://localhost:10005 
[2025-08-07T16:05:11.991Z] [INFO][threaded]: Loaded 8 prefix commands (8 aliases) 
[2025-08-07T16:05:12.154Z] [INFO][threaded]: Redis connected 
[2025-08-07T16:05:12.360Z] [INFO][threaded]: Redis ready 
[2025-08-07T16:05:12.680Z] [INFO][threaded]: Updated 26 global commands 
[2025-08-07T16:05:13.071Z] [INFO][threaded]: Connected to the database ThreadedTs successfully 
[2025-08-07T16:05:13.274Z] [INFO][threaded]: Screws is running 
[2025-08-07T16:25:24.350Z] [threaded] Logging started
[2025-08-07T16:25:24.843Z] [INFO][threaded]: Loaded locale de 
[2025-08-07T16:25:24.845Z] [INFO][threaded]: Loaded locale en 
[2025-08-07T16:25:24.848Z] [INFO][threaded]: Metrics server running at http://localhost:10038/metrics-pr3cH8ChoWROfROridusTov4ChiswIchoCRltrOylvOyOspuswEfrOWAqib3MA84 
[2025-08-07T16:25:24.848Z] [INFO][threaded]: API server running at http://localhost:10005 
[2025-08-07T16:25:24.951Z] [INFO][threaded]: Loaded 8 prefix commands (8 aliases) 
[2025-08-07T16:25:25.123Z] [INFO][threaded]: Redis connected 
[2025-08-07T16:25:25.327Z] [INFO][threaded]: Redis ready 
[2025-08-07T16:25:25.652Z] [INFO][threaded]: Updated 26 global commands 
[2025-08-07T16:25:26.148Z] [INFO][threaded]: Connected to the database ThreadedTs successfully 
[2025-08-07T16:25:26.248Z] [INFO][threaded]: Screws is running 
[2025-08-07T16:27:44.289Z] [threaded] Logging started
[2025-08-07T16:27:44.774Z] [INFO][threaded]: Loaded locale de 
[2025-08-07T16:27:44.776Z] [INFO][threaded]: Loaded locale en 
[2025-08-07T16:27:44.779Z] [INFO][threaded]: Metrics server running at http://localhost:10038/metrics-pr3cH8ChoWROfROridusTov4ChiswIchoCRltrOylvOyOspuswEfrOWAqib3MA84 
[2025-08-07T16:27:44.779Z] [INFO][threaded]: API server running at http://localhost:10005 
[2025-08-07T16:27:44.871Z] [INFO][threaded]: Loaded 8 prefix commands (8 aliases) 
[2025-08-07T16:27:44.999Z] [INFO][threaded]: Redis connected 
[2025-08-07T16:27:45.222Z] [INFO][threaded]: Redis ready 
[2025-08-07T16:27:45.833Z] [INFO][threaded]: Updated 26 global commands 
[2025-08-07T16:27:46.021Z] [INFO][threaded]: Connected to the database ThreadedTs successfully 
[2025-08-07T16:27:46.433Z] [INFO][threaded]: Screws is running 
[2025-08-07T16:28:23.399Z] [DEBUG][threaded]: Total duration parsed: 10000ms 
[2025-08-07T16:28:24.322Z] [DEBUG][threaded]: Scheduled await-reply task on TK_01K22M3MQATF8KN213QWB3GCEZ 
[2025-08-07T16:28:34.524Z] [DEBUG][threaded]: Running await-reply on TK_01K22M3MQATF8KN213QWB3GCEZ 
[2025-08-07T16:30:42.865Z] [DEBUG][threaded]: Total duration parsed: 10000ms 
[2025-08-07T16:30:43.995Z] [DEBUG][threaded]: Scheduled await-reply task on TK_01K22M3MQATF8KN213QWB3GCEZ 
[2025-08-07T16:30:54.197Z] [DEBUG][threaded]: Running await-reply on TK_01K22M3MQATF8KN213QWB3GCEZ 
[2025-08-07T16:32:07.604Z] [threaded] Logging started
[2025-08-07T16:32:08.013Z] [INFO][threaded]: Loaded locale de 
[2025-08-07T16:32:08.015Z] [INFO][threaded]: Loaded locale en 
[2025-08-07T16:32:08.018Z] [INFO][threaded]: Metrics server running at http://localhost:10038/metrics-pr3cH8ChoWROfROridusTov4ChiswIchoCRltrOylvOyOspuswEfrOWAqib3MA84 
[2025-08-07T16:32:08.018Z] [INFO][threaded]: API server running at http://localhost:10005 
[2025-08-07T16:32:08.104Z] [INFO][threaded]: Loaded 8 prefix commands (8 aliases) 
[2025-08-07T16:32:08.268Z] [INFO][threaded]: Redis connected 
[2025-08-07T16:32:08.480Z] [INFO][threaded]: Redis ready 
[2025-08-07T16:32:09.297Z] [INFO][threaded]: Connected to the database ThreadedTs successfully 
[2025-08-07T16:32:09.304Z] [INFO][threaded]: Updated 26 global commands 
[2025-08-07T16:32:09.908Z] [INFO][threaded]: Screws is running 
[2025-08-07T16:32:32.438Z] [DEBUG][threaded]: Generated ID: TK_01K22P11NNZMAKMM1BW5FGDTY1 
[2025-08-07T16:33:01.310Z] [DEBUG][threaded]: Total duration parsed: 10000ms 
[2025-08-07T16:33:02.951Z] [DEBUG][threaded]: Scheduled await-reply task on TK_01K22P11NNZMAKMM1BW5FGDTY1 
[2025-08-07T16:33:13.153Z] [DEBUG][threaded]: Running await-reply on TK_01K22P11NNZMAKMM1BW5FGDTY1 
[2025-08-07T16:34:16.487Z] [threaded] Logging started
[2025-08-07T16:34:16.893Z] [INFO][threaded]: Loaded locale de 
[2025-08-07T16:34:16.895Z] [INFO][threaded]: Loaded locale en 
[2025-08-07T16:34:16.898Z] [INFO][threaded]: Metrics server running at http://localhost:10038/metrics-pr3cH8ChoWROfROridusTov4ChiswIchoCRltrOylvOyOspuswEfrOWAqib3MA84 
[2025-08-07T16:34:16.898Z] [INFO][threaded]: API server running at http://localhost:10005 
[2025-08-07T16:34:16.987Z] [INFO][threaded]: Loaded 8 prefix commands (8 aliases) 
[2025-08-07T16:34:17.190Z] [INFO][threaded]: Redis connected 
[2025-08-07T16:34:17.402Z] [INFO][threaded]: Redis ready 
[2025-08-07T16:34:17.605Z] [INFO][threaded]: Updated 26 global commands 
[2025-08-07T16:34:18.214Z] [INFO][threaded]: Connected to the database ThreadedTs successfully 
[2025-08-07T16:34:18.220Z] [INFO][threaded]: Screws is running 
[2025-08-07T16:43:04.505Z] [threaded] Logging started
[2025-08-07T16:43:04.911Z] [INFO][threaded]: Loaded locale de 
[2025-08-07T16:43:04.913Z] [INFO][threaded]: Loaded locale en 
[2025-08-07T16:43:04.916Z] [INFO][threaded]: Metrics server running at http://localhost:10038/metrics-pr3cH8ChoWROfROridusTov4ChiswIchoCRltrOylvOyOspuswEfrOWAqib3MA84 
[2025-08-07T16:43:04.916Z] [INFO][threaded]: API server running at http://localhost:10005 
[2025-08-07T16:43:05.003Z] [INFO][threaded]: Loaded 8 prefix commands (8 aliases) 
[2025-08-07T16:43:05.167Z] [INFO][threaded]: Redis connected 
[2025-08-07T16:43:05.372Z] [INFO][threaded]: Redis ready 
[2025-08-07T16:43:05.577Z] [INFO][threaded]: Updated 26 global commands 
[2025-08-07T16:43:06.186Z] [INFO][threaded]: Connected to the database ThreadedTs successfully 
[2025-08-07T16:43:06.390Z] [INFO][threaded]: Screws is running 
[2025-08-07T16:44:27.689Z] [DEBUG][threaded]: Total duration parsed: 10000ms 
[2025-08-07T16:44:28.824Z] [DEBUG][threaded]: Scheduled await-reply task on TK_01K22P11NNZMAKMM1BW5FGDTY1 
[2025-08-07T16:44:30.151Z] [DEBUG][threaded]: Canceling await task 
[2025-08-07T16:47:09.536Z] [threaded] Logging started
[2025-08-07T16:47:09.929Z] [INFO][threaded]: Loaded locale de 
[2025-08-07T16:47:09.930Z] [INFO][threaded]: Loaded locale en 
[2025-08-07T16:47:09.933Z] [INFO][threaded]: Metrics server running at http://localhost:10038/metrics-pr3cH8ChoWROfROridusTov4ChiswIchoCRltrOylvOyOspuswEfrOWAqib3MA84 
[2025-08-07T16:47:09.933Z] [INFO][threaded]: API server running at http://localhost:10005 
[2025-08-07T16:47:10.022Z] [INFO][threaded]: Loaded 8 prefix commands (8 aliases) 
[2025-08-07T16:47:10.210Z] [INFO][threaded]: Redis connected 
[2025-08-07T16:47:10.367Z] [INFO][threaded]: Redis ready 
[2025-08-07T16:47:11.021Z] [INFO][threaded]: Connected to the database ThreadedTs successfully 
[2025-08-07T16:47:11.088Z] [INFO][threaded]: Updated 26 global commands 
[2025-08-07T16:47:11.223Z] [INFO][threaded]: Screws is running 
[2025-08-07T16:47:29.453Z] [DEBUG][threaded]: Total duration parsed: 10000ms 
[2025-08-07T16:47:30.480Z] [DEBUG][threaded]: Scheduled await-reply task on TK_01K22P11NNZMAKMM1BW5FGDTY1 
[2025-08-07T16:47:40.681Z] [DEBUG][threaded]: Running await-reply on TK_01K22P11NNZMAKMM1BW5FGDTY1 
[2025-08-07T16:48:12.055Z] [DEBUG][threaded]: Generated ID: TK_01K22PXQ8NB6VDS6022ZEH7WSG 
[2025-08-07T16:48:47.885Z] [DEBUG][threaded]: Total duration parsed: 10000ms 
[2025-08-07T16:48:48.611Z] [DEBUG][threaded]: Scheduled await-reply task on TK_01K22PXQ8NB6VDS6022ZEH7WSG 
[2025-08-07T16:48:51.065Z] [DEBUG][threaded]: Canceling await task 
[2025-08-07T16:49:28.407Z] [threaded] Logging started
[2025-08-07T16:49:28.837Z] [INFO][threaded]: Loaded locale de 
[2025-08-07T16:49:28.839Z] [INFO][threaded]: Loaded locale en 
[2025-08-07T16:49:28.841Z] [INFO][threaded]: Metrics server running at http://localhost:10038/metrics-pr3cH8ChoWROfROridusTov4ChiswIchoCRltrOylvOyOspuswEfrOWAqib3MA84 
[2025-08-07T16:49:28.842Z] [INFO][threaded]: API server running at http://localhost:10005 
[2025-08-07T16:49:28.930Z] [INFO][threaded]: Loaded 8 prefix commands (8 aliases) 
[2025-08-07T16:49:29.055Z] [INFO][threaded]: Redis connected 
[2025-08-07T16:49:29.274Z] [INFO][threaded]: Redis ready 
[2025-08-07T16:49:29.786Z] [INFO][threaded]: Updated 26 global commands 
[2025-08-07T16:49:30.097Z] [INFO][threaded]: Connected to the database ThreadedTs successfully 
[2025-08-07T16:49:30.287Z] [INFO][threaded]: Screws is running 
[2025-08-07T16:49:36.220Z] [DEBUG][threaded]: Total duration parsed: 10000ms 
[2025-08-07T16:49:37.353Z] [DEBUG][threaded]: Scheduled await-reply task on TK_01K22PXQ8NB6VDS6022ZEH7WSG 
[2025-08-07T16:49:43.288Z] [DEBUG][threaded]: Canceling await task 
[2025-08-07T16:49:56.601Z] [DEBUG][threaded]: Total duration parsed: 10000ms 
[2025-08-07T16:49:57.523Z] [DEBUG][threaded]: Scheduled await-reply task on TK_01K22PXQ8NB6VDS6022ZEH7WSG 
[2025-08-07T16:50:00.588Z] [DEBUG][threaded]: Canceling await task 
[2025-08-07T16:50:00.931Z] [ERROR][threaded]: Unhandled Rejection Unknown Emoji
DiscordAPIError[10014]: Unknown Emoji
    at handleErrors (/home/alfie/Documents/Stuff i think is coo/Bot/node_modules/@discordjs/rest/dist/index.js:748:13)
    at process.processTicksAndRejections (node:internal/process/task_queues:95:5)
    at async SequentialHandler.runRequest (/home/alfie/Documents/Stuff i think is coo/Bot/node_modules/@discordjs/rest/dist/index.js:1149:23)
    at async SequentialHandler.queueRequest (/home/alfie/Documents/Stuff i think is coo/Bot/node_modules/@discordjs/rest/dist/index.js:980:14)
    at async _REST.request (/home/alfie/Documents/Stuff i think is coo/Bot/node_modules/@discordjs/rest/dist/index.js:1293:22)
    at async GuildMessageManager.react (/home/alfie/Documents/Stuff i think is coo/Bot/node_modules/discord.js/src/managers/MessageManager.js:255:5)
    at async Message.react (/home/alfie/Documents/Stuff i think is coo/Bot/node_modules/discord.js/src/structures/Message.js:902:5)
[2025-08-07T16:50:55.378Z] [threaded] Logging started
[2025-08-07T16:50:55.840Z] [INFO][threaded]: Loaded locale de 
[2025-08-07T16:50:55.842Z] [INFO][threaded]: Loaded locale en 
[2025-08-07T16:50:55.845Z] [INFO][threaded]: Metrics server running at http://localhost:10038/metrics-pr3cH8ChoWROfROridusTov4ChiswIchoCRltrOylvOyOspuswEfrOWAqib3MA84 
[2025-08-07T16:50:55.845Z] [INFO][threaded]: API server running at http://localhost:10005 
[2025-08-07T16:50:55.940Z] [INFO][threaded]: Loaded 8 prefix commands (8 aliases) 
[2025-08-07T16:50:56.096Z] [INFO][threaded]: Redis connected 
[2025-08-07T16:50:56.302Z] [INFO][threaded]: Redis ready 
[2025-08-07T16:50:56.616Z] [INFO][threaded]: Updated 26 global commands 
[2025-08-07T16:50:57.127Z] [INFO][threaded]: Connected to the database ThreadedTs successfully 
[2025-08-07T16:50:57.327Z] [INFO][threaded]: Screws is running 
[2025-08-07T16:52:20.851Z] [threaded] Logging started
[2025-08-07T16:52:21.248Z] [INFO][threaded]: Loaded locale de 
[2025-08-07T16:52:21.249Z] [INFO][threaded]: Loaded locale en 
[2025-08-07T16:52:21.252Z] [INFO][threaded]: Metrics server running at http://localhost:10038/metrics-pr3cH8ChoWROfROridusTov4ChiswIchoCRltrOylvOyOspuswEfrOWAqib3MA84 
[2025-08-07T16:52:21.252Z] [INFO][threaded]: API server running at http://localhost:10005 
[2025-08-07T16:52:21.339Z] [INFO][threaded]: Loaded 8 prefix commands (8 aliases) 
[2025-08-07T16:52:21.499Z] [INFO][threaded]: Redis connected 
[2025-08-07T16:52:21.702Z] [INFO][threaded]: Redis ready 
[2025-08-07T16:52:21.917Z] [INFO][threaded]: Updated 26 global commands 
[2025-08-07T16:52:22.523Z] [INFO][threaded]: Connected to the database ThreadedTs successfully 
[2025-08-07T16:52:22.529Z] [INFO][threaded]: Screws is running 
